<?xml version="1.0" encoding="UTF-8"?>
<!-- Generated by org.testng.reporters.JUnitXMLReporter -->
<testsuite hostname="DESKTOP-1HOJCM7" ignored="0" name="TC004" tests="1" failures="1" timestamp="2021-02-27T12:12:12 CST" time="20.562" errors="0">
  <testcase name="TC004_Admin_DeleteUser_POM_TestScript" time="18.543" classname="com.opensource.admin.qa.TC004_Admin_DeleteUser_POM">
    <failure type="java.lang.AssertionError" message="Not able to assert Actual value: null Expected Value: Richard Zamora20">
      <![CDATA[java.lang.AssertionError: Not able to assert Actual value: null Expected Value: Richard Zamora20
at com.opensource.base.SeleniumWrapper.assertEquals(SeleniumWrapper.java:154)
at com.opensource.admin.UserManagement.validateFromSearchTable(UserManagement.java:100)
at com.opensource.admin.qa.TC004_Admin_DeleteUser_POM.TC004_Admin_DeleteUser_POM_TestScript(TC004_Admin_DeleteUser_POM.java:76)
at java.util.ArrayList.forEach(Unknown Source)
at java.util.concurrent.FutureTask.run(Unknown Source)
at java.util.concurrent.ThreadPoolExecutor.runWorker(Unknown Source)
at java.util.concurrent.ThreadPoolExecutor$Worker.run(Unknown Source)
at java.lang.Thread.run(Unknown Source)
... Removed 19 stack frames]]>
    </failure>
  </testcase> <!-- TC004_Admin_DeleteUser_POM_TestScript -->
</testsuite> <!-- TC004 -->
